<?xml version="1.0" encoding="UTF-8"?>
<testsuite xmlns:xsi="http://www.w3.org/2001/XMLSchema-instance" xsi:noNamespaceSchemaLocation="https://maven.apache.org/surefire/maven-surefire-plugin/xsd/surefire-test-report.xsd" name="testRunners.RunCukesTest" time="12.665" tests="1" errors="1" skipped="0" failures="0">
  <properties>
[...]
</properties>
  <testcase name="Validate sign up page" classname="Validate Elements in Practice Page" time="12.297">
    <error message="fail: signup button is false" type="java.lang.Exception">java.lang.Exception: fail: signup button is false
</error>
    <system-out><![CDATA[
@signuppage
Scenario: Validate sign up page                           &amp#27;[90m# features/PraticePageTest.feature:24&amp#27;[0m
Window Title: Home | Let's Kode It
  &amp#27;[32mGiven &amp#27;[0m&amp#27;[32mI navigate to "&amp#27;[0m&amp#27;[32m&amp#27;[1mhttps://learn.letskodeit.com/&amp#27;[0m&amp#27;[32m" url&amp#27;[0m &amp#27;[90m# stepDefs.CommonStepDefs.i_navigate_to_url(java.lang.String)&amp#27;[0m
  &amp#27;[32mThen &amp#27;[0m&amp#27;[32mI am on the  &amp#27;[0m&amp#27;[32m&amp#27;[1mHomePage&amp#27;[0m&amp#27;[32m page&amp#27;[0m                         &amp#27;[90m# stepDefs.CommonStepDefs.i_am_on_page(java.lang.String)&amp#27;[0m
  &amp#27;[32mThen &amp#27;[0m&amp#27;[32mI click on &amp#27;[0m&amp#27;[32m&amp#27;[1menrollNow&amp#27;[0m                               &amp#27;[90m# stepDefs.CommonStepDefs.i_click_on_button(java.lang.String)&amp#27;[0m
  &amp#27;[32mThen &amp#27;[0m&amp#27;[32mI am on signup page&amp#27;[0m                                &amp#27;[90m# stepDefs.SignUpPageStepDefs.i_am_on_signup_page()&amp#27;[0m
  &amp#27;[32mThen &amp#27;[0m&amp#27;[32mI wait for &amp#27;[0m&amp#27;[32m&amp#27;[1m5000&amp#27;[0m&amp#27;[32m miliseconds&amp#27;[0m                        &amp#27;[90m# stepDefs.CommonStepDefs.i_wait(long)&amp#27;[0m
  &amp#27;[32mGiven &amp#27;[0m&amp#27;[32mI enter user name as "&amp#27;[0m&amp#27;[32m&amp#27;[1mtest user&amp#27;[0m&amp#27;[32m"&amp#27;[0m                  &amp#27;[90m# stepDefs.SignUpPageStepDefs.i_enter_user_name(java.lang.String)&amp#27;[0m
  &amp#27;[32mThen &amp#27;[0m&amp#27;[32mI enter user email as  "&amp#27;[0m&amp#27;[32m&amp#27;[1msome@email.com&amp#27;[0m&amp#27;[32m"&amp#27;[0m            &amp#27;[90m# stepDefs.SignUpPageStepDefs.i_enter_user_email(java.lang.String)&amp#27;[0m
  &amp#27;[32mThen &amp#27;[0m&amp#27;[32mI enter user password as "&amp#27;[0m&amp#27;[32m&amp#27;[1msomepass&amp#27;[0m&amp#27;[32m"&amp#27;[0m                &amp#27;[90m# stepDefs.SignUpPageStepDefs.i_enter_user_password(java.lang.String)&amp#27;[0m
  &amp#27;[32mThen &amp#27;[0m&amp#27;[32mI agree terms and marketing&amp#27;[0m                        &amp#27;[90m# stepDefs.SignUpPageStepDefs.i_agree_terms_market()&amp#27;[0m
  &amp#27;[32mThen &amp#27;[0m&amp#27;[32mI wait for &amp#27;[0m&amp#27;[32m&amp#27;[1m2000&amp#27;[0m&amp#27;[32m miliseconds&amp#27;[0m                        &amp#27;[90m# stepDefs.CommonStepDefs.i_wait(long)&amp#27;[0m
fail: signup button is false
  &amp#27;[31mThen &amp#27;[0m&amp#27;[31mI verify sign up is "&amp#27;[0m&amp#27;[31m&amp#27;[1menabled&amp#27;[0m&amp#27;[31m"&amp#27;[0m                      &amp#27;[90m# stepDefs.SignUpPageStepDefs.i_verify_sign_up(java.lang.String)&amp#27;[0m
      &amp#27;[31mjava.lang.Exception: fail: signup button is false
	at PageFactory.SignUpPage.VerifySignup(SignUpPage.java:69)
	at stepDefs.SignUpPageStepDefs.i_verify_sign_up(SignUpPageStepDefs.java:41)
	at ✽.I verify sign up is "enabled"(classpath:features/PraticePageTest.feature:35)
&amp#27;[0m
]]></system-out>
    <system-err><![CDATA[Apr 11, 2020 4:34:15 PM io.cucumber.core.options.CucumberPropertiesParser parse
WARNING: Passing commandline options via the property `cucumber.options` has been deprecatedin favour of explicitly using property names.
Please use these instead: [cucumber.ansi-colors.disabled, cucumber.execution.dry-run, cucumber.execution.limit, cucumber.execution.order, cucumber.execution.strict, cucumber.execution.wip, cucumber.features, cucumber.filter.name, cucumber.filter.tags, cucumber.glue, cucumber.object-factory, cucumber.plugin, cucumber.snippet-type]
Apr 11, 2020 4:34:15 PM io.cucumber.junit.Cucumber <init>
WARNING: By default Cucumber is running in --non-strict mode.
This default will change to --strict and --non-strict will be removed.
You can use --strict or @CucumberOptions(strict = true) to suppress this warning
SLF4J: Failed to load class "org.slf4j.impl.StaticLoggerBinder".
SLF4J: Defaulting to no-operation (NOP) logger implementation
SLF4J: See http://www.slf4j.org/codes.html#StaticLoggerBinder for further details.
Starting ChromeDriver 81.0.4044.69 (6813546031a4bc83f717a2ef7cd4ac6ec1199132-refs/branch-heads/4044@{#776}) on port 7538
Only local connections are allowed.
Please protect ports used by ChromeDriver and related test frameworks to prevent access by malicious code.
Apr 11, 2020 4:34:16 PM org.openqa.selenium.remote.ProtocolHandshake createSession
INFO: Detected dialect: W3C
[1586644458.763][SEVERE]: Timed out receiving message from renderer: 0.100
[1586644458.865][SEVERE]: Timed out receiving message from renderer: 0.100
[1586644459.168][SEVERE]: Timed out receiving message from renderer: 0.100
[1586644459.445][SEVERE]: Timed out receiving message from renderer: 0.100
[1586644459.547][SEVERE]: Timed out receiving message from renderer: 0.100
]]></system-err>
  </testcase>
</testsuite>