<?xml version="1.0" encoding="UTF-8"?>
<testsuite xmlns:xsi="http://www.w3.org/2001/XMLSchema-instance" xsi:noNamespaceSchemaLocation="https://maven.apache.org/surefire/maven-surefire-plugin/xsd/surefire-test-report.xsd" name="testRunners.RunCukesTest" time="21.925" tests="1" errors="1" skipped="0" failures="0">
  <properties>
[...]
</properties>
  <testcase name="Validate course search page" classname="validate using common step definitions" time="21.577">
    <error message="Fail: There are [] courses" type="java.lang.Exception">java.lang.Exception: Fail: There are [] courses
</error>
    <system-out><![CDATA[
@regression @coursesearchpage
Scenario: Validate course search page                     &amp#27;[90m# features/commonFeature.feature:45&amp#27;[0m
Window Title: Home | Let's Kode It
  &amp#27;[32mGiven &amp#27;[0m&amp#27;[32mI navigate to "&amp#27;[0m&amp#27;[32m&amp#27;[1mhttps://learn.letskodeit.com/&amp#27;[0m&amp#27;[32m" url&amp#27;[0m &amp#27;[90m# stepDefs.NavigationStepDefs.i_navigate_to_url(java.lang.String)&amp#27;[0m
  &amp#27;[32mGiven &amp#27;[0m&amp#27;[32mI am on the  &amp#27;[0m&amp#27;[32m&amp#27;[1mHomePage&amp#27;[0m&amp#27;[32m page&amp#27;[0m                        &amp#27;[90m# stepDefs.NavigationStepDefs.i_am_on_page(java.lang.String)&amp#27;[0m
  &amp#27;[32mWhen &amp#27;[0m&amp#27;[32mI click on &amp#27;[0m&amp#27;[32m&amp#27;[1mpracticeBtn&amp#27;[0m                             &amp#27;[90m# stepDefs.CommonStepDefs.i_click_on_button(java.lang.String)&amp#27;[0m
  &amp#27;[32mThen &amp#27;[0m&amp#27;[32mI wait for &amp#27;[0m&amp#27;[32m&amp#27;[1m5000&amp#27;[0m&amp#27;[32m miliseconds&amp#27;[0m                        &amp#27;[90m# stepDefs.NavigationStepDefs.i_wait(long)&amp#27;[0m
  &amp#27;[32mThen &amp#27;[0m&amp#27;[32mI am on the  &amp#27;[0m&amp#27;[32m&amp#27;[1mPracticePage&amp#27;[0m&amp#27;[32m page&amp#27;[0m                     &amp#27;[90m# stepDefs.NavigationStepDefs.i_am_on_page(java.lang.String)&amp#27;[0m
  &amp#27;[32mThen &amp#27;[0m&amp#27;[32mI switch to &amp#27;[0m&amp#27;[32m&amp#27;[1miframeExample&amp#27;[0m&amp#27;[32m iframe&amp#27;[0m                   &amp#27;[90m# stepDefs.NavigationStepDefs.i_switch_to_frame(java.lang.String)&amp#27;[0m
  &amp#27;[32mThen &amp#27;[0m&amp#27;[32mI am on the  &amp#27;[0m&amp#27;[32m&amp#27;[1mCourseSearchPage&amp#27;[0m&amp#27;[32m page&amp#27;[0m                 &amp#27;[90m# stepDefs.NavigationStepDefs.i_am_on_page(java.lang.String)&amp#27;[0m
  &amp#27;[32mThen &amp#27;[0m&amp#27;[32mI click on &amp#27;[0m&amp#27;[32m&amp#27;[1mcategory&amp#27;[0m                                &amp#27;[90m# stepDefs.CommonStepDefs.i_click_on_button(java.lang.String)&amp#27;[0m
  &amp#27;[32mThen &amp#27;[0m&amp#27;[32mI click on &amp#27;[0m&amp#27;[32m&amp#27;[1msoftwareTesting&amp#27;[0m                         &amp#27;[90m# stepDefs.CommonStepDefs.i_click_on_button(java.lang.String)&amp#27;[0m
  &amp#27;[32mThen &amp#27;[0m&amp#27;[32mI wait for &amp#27;[0m&amp#27;[32m&amp#27;[1m3000&amp#27;[0m&amp#27;[32m miliseconds&amp#27;[0m                        &amp#27;[90m# stepDefs.NavigationStepDefs.i_wait(long)&amp#27;[0m

    Pass: There are 6 courses

https://process.fs.teachablecdn.com/ADNupMnWyR7kCWRvm76Laz/resize=width:705/https://udemy-images.udemy.com/course/750x422/246652_50e9_4.jpg
https://process.fs.teachablecdn.com/ADNupMnWyR7kCWRvm76Laz/resize=width:705/https://www.filepicker.io/api/file/pPCFCZmTUCUGOqcK7NWA
https://process.fs.teachablecdn.com/ADNupMnWyR7kCWRvm76Laz/resize=width:705/https://www.filepicker.io/api/file/T0by12FATbSQ0MkBQ0dI
https://process.fs.teachablecdn.com/ADNupMnWyR7kCWRvm76Laz/resize=width:705/https://www.filepicker.io/api/file/jEsN8sueQE2rsbIxttrn
https://process.fs.teachablecdn.com/ADNupMnWyR7kCWRvm76Laz/resize=width:705/https://www.filepicker.io/api/file/k0Zs9NXQFOMUfPIWFAPH
https://process.fs.teachablecdn.com/ADNupMnWyR7kCWRvm76Laz/resize=width:705/https://www.filepicker.io/api/file/ffSNaDKyRmmowXMUVJE0
  &amp#27;[32mThen &amp#27;[0m&amp#27;[32mI validate &amp#27;[0m&amp#27;[32m&amp#27;[1mcourses&amp#27;[0m&amp#27;[32m has &amp#27;[0m&amp#27;[32m&amp#27;[1m6&amp#27;[0m&amp#27;[32m elements and print &amp#27;[0m&amp#27;[32m&amp#27;[1msrc&amp#27;[0m    &amp#27;[90m# stepDefs.ValidationStepDefs.i_validate_list(java.lang.String,int,java.lang.String)&amp#27;[0m
  &amp#27;[32mThen &amp#27;[0m&amp#27;[32mI click on &amp#27;[0m&amp#27;[32m&amp#27;[1mauthor&amp#27;[0m                                  &amp#27;[90m# stepDefs.CommonStepDefs.i_click_on_button(java.lang.String)&amp#27;[0m
  &amp#27;[32mThen &amp#27;[0m&amp#27;[32mI click on &amp#27;[0m&amp#27;[32m&amp#27;[1mletsKodeIt&amp#27;[0m                              &amp#27;[90m# stepDefs.CommonStepDefs.i_click_on_button(java.lang.String)&amp#27;[0m

    Pass: There are 11 courses

https://process.fs.teachablecdn.com/ADNupMnWyR7kCWRvm76Laz/resize=width:705/https://udemy-images.udemy.com/course/750x422/246652_50e9_4.jpg
https://process.fs.teachablecdn.com/ADNupMnWyR7kCWRvm76Laz/resize=width:705/https://www.filepicker.io/api/file/aluPFu8SVWZt2lYDfX2N
https://process.fs.teachablecdn.com/ADNupMnWyR7kCWRvm76Laz/resize=width:705/https://udemy-images.udemy.com/course/750x422/696044_3010_4.jpg
https://process.fs.teachablecdn.com/ADNupMnWyR7kCWRvm76Laz/resize=width:705/https://udemy-images.udemy.com/course/750x422/495678_1e6a_3.jpg
https://process.fs.teachablecdn.com/ADNupMnWyR7kCWRvm76Laz/resize=width:705/https://udemy-images.udemy.com/course/750x422/635450_59af_3.jpg
https://process.fs.teachablecdn.com/ADNupMnWyR7kCWRvm76Laz/resize=width:705/https://www.filepicker.io/api/file/mc1azfz9Qnmm2v0OBROy
https://process.fs.teachablecdn.com/ADNupMnWyR7kCWRvm76Laz/resize=width:705/https://www.filepicker.io/api/file/pPCFCZmTUCUGOqcK7NWA
https://process.fs.teachablecdn.com/ADNupMnWyR7kCWRvm76Laz/resize=width:705/https://www.filepicker.io/api/file/T0by12FATbSQ0MkBQ0dI
https://process.fs.teachablecdn.com/ADNupMnWyR7kCWRvm76Laz/resize=width:705/https://www.filepicker.io/api/file/jEsN8sueQE2rsbIxttrn
https://process.fs.teachablecdn.com/ADNupMnWyR7kCWRvm76Laz/resize=width:705/https://www.filepicker.io/api/file/k0Zs9NXQFOMUfPIWFAPH
https://process.fs.teachablecdn.com/ADNupMnWyR7kCWRvm76Laz/resize=width:705/https://www.filepicker.io/api/file/ffSNaDKyRmmowXMUVJE0
  &amp#27;[32mThen &amp#27;[0m&amp#27;[32mI validate &amp#27;[0m&amp#27;[32m&amp#27;[1mcourses&amp#27;[0m&amp#27;[32m has &amp#27;[0m&amp#27;[32m&amp#27;[1m11&amp#27;[0m&amp#27;[32m elements and print &amp#27;[0m&amp#27;[32m&amp#27;[1msrc&amp#27;[0m   &amp#27;[90m# stepDefs.ValidationStepDefs.i_validate_list(java.lang.String,int,java.lang.String)&amp#27;[0m
  &amp#27;[32mThen &amp#27;[0m&amp#27;[32mI wait for &amp#27;[0m&amp#27;[32m&amp#27;[1m3000&amp#27;[0m&amp#27;[32m miliseconds&amp#27;[0m                        &amp#27;[90m# stepDefs.NavigationStepDefs.i_wait(long)&amp#27;[0m
  &amp#27;[32mThen &amp#27;[0m&amp#27;[32mI enter "&amp#27;[0m&amp#27;[32m&amp#27;[1mphyton&amp#27;[0m&amp#27;[32m" in &amp#27;[0m&amp#27;[32m&amp#27;[1msearchCourses&amp#27;[0m                  &amp#27;[90m# stepDefs.CommonStepDefs.i_enter_given_value(java.lang.String,java.lang.String)&amp#27;[0m
  &amp#27;[32mThen &amp#27;[0m&amp#27;[32mI click on &amp#27;[0m&amp#27;[32m&amp#27;[1msearch&amp#27;[0m                                  &amp#27;[90m# stepDefs.CommonStepDefs.i_click_on_button(java.lang.String)&amp#27;[0m
  &amp#27;[32mThen &amp#27;[0m&amp#27;[32mI wait for &amp#27;[0m&amp#27;[32m&amp#27;[1m3000&amp#27;[0m&amp#27;[32m miliseconds&amp#27;[0m                        &amp#27;[90m# stepDefs.NavigationStepDefs.i_wait(long)&amp#27;[0m

    Fail: There are [] courses

  &amp#27;[31mThen &amp#27;[0m&amp#27;[31mI validate &amp#27;[0m&amp#27;[31m&amp#27;[1mcourses&amp#27;[0m&amp#27;[31m has &amp#27;[0m&amp#27;[31m&amp#27;[1m5&amp#27;[0m&amp#27;[31m elements and print &amp#27;[0m&amp#27;[31m&amp#27;[1msrc&amp#27;[0m    &amp#27;[90m# stepDefs.ValidationStepDefs.i_validate_list(java.lang.String,int,java.lang.String)&amp#27;[0m
      &amp#27;[31mjava.lang.Exception: Fail: There are [] courses
	at stepDefs.ValidationStepDefs.i_validate_list(ValidationStepDefs.java:62)
	at ✽.I validate courses has 5 elements and print src(classpath:features/commonFeature.feature:64)
&amp#27;[0m
]]></system-out>
    <system-err><![CDATA[Apr 14, 2020 3:49:15 PM io.cucumber.core.options.CucumberPropertiesParser parse
WARNING: Passing commandline options via the property `cucumber.options` has been deprecatedin favour of explicitly using property names.
Please use these instead: [cucumber.ansi-colors.disabled, cucumber.execution.dry-run, cucumber.execution.limit, cucumber.execution.order, cucumber.execution.strict, cucumber.execution.wip, cucumber.features, cucumber.filter.name, cucumber.filter.tags, cucumber.glue, cucumber.object-factory, cucumber.plugin, cucumber.snippet-type]
Apr 14, 2020 3:49:15 PM io.cucumber.junit.Cucumber <init>
WARNING: By default Cucumber is running in --non-strict mode.
This default will change to --strict and --non-strict will be removed.
You can use --strict or @CucumberOptions(strict = true) to suppress this warning
SLF4J: Failed to load class "org.slf4j.impl.StaticLoggerBinder".
SLF4J: Defaulting to no-operation (NOP) logger implementation
SLF4J: See http://www.slf4j.org/codes.html#StaticLoggerBinder for further details.
Starting ChromeDriver 81.0.4044.69 (6813546031a4bc83f717a2ef7cd4ac6ec1199132-refs/branch-heads/4044@{#776}) on port 24152
Only local connections are allowed.
Please protect ports used by ChromeDriver and related test frameworks to prevent access by malicious code.
Apr 14, 2020 3:49:17 PM org.openqa.selenium.remote.ProtocolHandshake createSession
INFO: Detected dialect: W3C
[1586900958.666][SEVERE]: Timed out receiving message from renderer: 0.100
[1586900958.767][SEVERE]: Timed out receiving message from renderer: 0.100
[1586900959.421][SEVERE]: Timed out receiving message from renderer: 0.100
[1586900959.522][SEVERE]: Timed out receiving message from renderer: 0.100
[1586900965.138][SEVERE]: Timed out receiving message from renderer: 0.100
[1586900965.240][SEVERE]: Timed out receiving message from renderer: 0.100
[1586900965.343][SEVERE]: Timed out receiving message from renderer: 0.100
[1586900965.446][SEVERE]: Timed out receiving message from renderer: 0.100
[1586900965.548][SEVERE]: Timed out receiving message from renderer: 0.100
[1586900965.651][SEVERE]: Timed out receiving message from renderer: 0.100
[1586900969.273][SEVERE]: Timed out receiving message from renderer: 0.100
[1586900969.376][SEVERE]: Timed out receiving message from renderer: 0.100
[1586900969.478][SEVERE]: Timed out receiving message from renderer: 0.100
[1586900969.581][SEVERE]: Timed out receiving message from renderer: 0.100
[1586900969.683][SEVERE]: Timed out receiving message from renderer: 0.100
[1586900969.786][SEVERE]: Timed out receiving message from renderer: 0.100
[1586900973.567][SEVERE]: Timed out receiving message from renderer: 0.100
[1586900973.670][SEVERE]: Timed out receiving message from renderer: 0.100
[1586900973.772][SEVERE]: Timed out receiving message from renderer: 0.100
[1586900973.875][SEVERE]: Timed out receiving message from renderer: 0.100
[1586900973.977][SEVERE]: Timed out receiving message from renderer: 0.100
]]></system-err>
  </testcase>
</testsuite>