<?xml version="1.0" encoding="UTF-8"?>
<testsuite xmlns:xsi="http://www.w3.org/2001/XMLSchema-instance" xsi:noNamespaceSchemaLocation="https://maven.apache.org/surefire/maven-surefire-plugin/xsd/surefire-test-report.xsd" name="testRunners.RunCukesTest" time="2.174" tests="1" errors="1" skipped="0" failures="0">
  <properties>
[...]
</properties>
  <testcase name="post test" classname="Rest Tests" time="1.873">
    <error message="Fail. Check outputs below for details." type="java.lang.Exception">java.lang.Exception: Fail. Check outputs below for details.
</error>
    <system-out><![CDATA[
@rest @posttest200
Scenario: post test                                                                                                                                                             &amp#27;[90m# features/RestTests.feature:30&amp#27;[0m
  &amp#27;[32mGiven &amp#27;[0m&amp#27;[32mI store parameters in &amp#27;[0m&amp#27;[32m&amp#27;[1mpostPath&amp#27;[0m&amp#27;[32m map&amp#27;[0m                                                                                                                                      &amp#27;[90m# stepDefs.RestStepDefs.i_store_map(java.lang.String,java.util.Map<java.lang.String, java.lang.String>)&amp#27;[0m
  &amp#27;[32mGiven &amp#27;[0m&amp#27;[32mI store parameters in &amp#27;[0m&amp#27;[32m&amp#27;[1mpostBody&amp#27;[0m&amp#27;[32m map&amp#27;[0m                                                                                                                                      &amp#27;[90m# stepDefs.RestStepDefs.i_store_map(java.lang.String,java.util.Map<java.lang.String, java.lang.String>)&amp#27;[0m

    Rest service call completed with status code 200. Response json:
    {
        "FaultId": "User already exists",
        "fault": "FAULT_USER_ALREADY_EXISTS"
    }

  &amp#27;[32mGiven &amp#27;[0m&amp#27;[32mI verify &amp#27;[0m&amp#27;[32m&amp#27;[1mpost&amp#27;[0m&amp#27;[32mService for "&amp#27;[0m&amp#27;[32m&amp#27;[1mpostapp&amp#27;[0m&amp#27;[32m" has status &amp#27;[0m&amp#27;[32m&amp#27;[1m200&amp#27;[0m&amp#27;[32m on "&amp#27;[0m&amp#27;[32m&amp#27;[1mpost.url&amp#27;[0m&amp#27;[32m" with header params "&amp#27;[0m&amp#27;[32m&amp#27;[1m&amp#27;[0m&amp#27;[32m", path params "&amp#27;[0m&amp#27;[32m&amp#27;[1mpostPath&amp#27;[0m&amp#27;[32m", query params "&amp#27;[0m&amp#27;[32m&amp#27;[1m&amp#27;[0m&amp#27;[32m", form params "&amp#27;[0m&amp#27;[32m&amp#27;[1m&amp#27;[0m&amp#27;[32m",auth "&amp#27;[0m&amp#27;[32m&amp#27;[1m&amp#27;[0m&amp#27;[32m", body "&amp#27;[0m&amp#27;[32m&amp#27;[1mpostBody&amp#27;[0m&amp#27;[32m"&amp#27;[0m &amp#27;[90m# stepDefs.RestStepDefs.i_validate_rest_service(java.lang.String,java.lang.String,int,java.lang.String,java.lang.String,java.lang.String,java.lang.String,java.lang.String,java.lang.String,java.lang.String)&amp#27;[0m

    Fail; Expected User already exist; FoundFaultId : User already exists


    Pass; Foundfault : FAULT_USER_ALREADY_EXISTS

  &amp#27;[31mThen &amp#27;[0m&amp#27;[31mI verify rest response data for &amp#27;[0m&amp#27;[31m&amp#27;[1mpostapp&amp#27;[0m                                                                                                                                  &amp#27;[90m# stepDefs.RestStepDefs.i_verify_rest_response(java.lang.String,java.util.Map<java.lang.String, java.lang.String>)&amp#27;[0m
      &amp#27;[31mjava.lang.Exception: Fail. Check outputs below for details.
	at stepDefs.RestStepDefs.i_verify_rest_response(RestStepDefs.java:98)
	at ✽.I verify rest response data for postapp(classpath:features/RestTests.feature:42)
&amp#27;[0m
]]></system-out>
    <system-err><![CDATA[Apr 19, 2020 4:38:14 PM io.cucumber.core.options.CucumberPropertiesParser parse
WARNING: Passing commandline options via the property `cucumber.options` has been deprecatedin favour of explicitly using property names.
Please use these instead: [cucumber.ansi-colors.disabled, cucumber.execution.dry-run, cucumber.execution.limit, cucumber.execution.order, cucumber.execution.strict, cucumber.execution.wip, cucumber.features, cucumber.filter.name, cucumber.filter.tags, cucumber.glue, cucumber.object-factory, cucumber.plugin, cucumber.snippet-type]
Apr 19, 2020 4:38:14 PM io.cucumber.junit.Cucumber <init>
WARNING: By default Cucumber is running in --non-strict mode.
This default will change to --strict and --non-strict will be removed.
You can use --strict or @CucumberOptions(strict = true) to suppress this warning
]]></system-err>
  </testcase>
</testsuite>